c:\work\octopus\mavlinkcom\lib\x64\debug\mavlinkcom.pdb
c:\work\octopus\mavlinkcom\lib\x64\debug\mavlinkcom.idb
c:\work\octopus\mavlinkcom\temp\mavlinkcom\x64\debug\filesystem.sbr
c:\work\octopus\mavlinkcom\temp\mavlinkcom\x64\debug\threadutils.sbr
c:\work\octopus\mavlinkcom\temp\mavlinkcom\x64\debug\udpsocket.sbr
c:\work\octopus\mavlinkcom\temp\mavlinkcom\x64\debug\udpsocketimpl.sbr
c:\work\octopus\mavlinkcom\temp\mavlinkcom\x64\debug\adhocconnection.sbr
c:\work\octopus\mavlinkcom\temp\mavlinkcom\x64\debug\adhocconnectionimpl.sbr
c:\work\octopus\mavlinkcom\temp\mavlinkcom\x64\debug\mavlinkftpclientimpl.sbr
c:\work\octopus\mavlinkcom\temp\mavlinkcom\x64\debug\mavlinknodeimpl.sbr
c:\work\octopus\mavlinkcom\temp\mavlinkcom\x64\debug\mavlinktcpserverimpl.sbr
c:\work\octopus\mavlinkcom\temp\mavlinkcom\x64\debug\onecorefindserialports.sbr
c:\work\octopus\mavlinkcom\temp\mavlinkcom\x64\debug\windowsfindserialports.sbr
c:\work\octopus\mavlinkcom\temp\mavlinkcom\x64\debug\mavlinkftpclient.sbr
c:\work\octopus\mavlinkcom\temp\mavlinkcom\x64\debug\mavlinklog.sbr
c:\work\octopus\mavlinkcom\temp\mavlinkcom\x64\debug\mavlinkmessagebase.sbr
c:\work\octopus\mavlinkcom\temp\mavlinkcom\x64\debug\mavlinkmessages.sbr
c:\work\octopus\mavlinkcom\temp\mavlinkcom\x64\debug\mavlinknode.sbr
c:\work\octopus\mavlinkcom\temp\mavlinkcom\x64\debug\semaphore.sbr
c:\work\octopus\mavlinkcom\temp\mavlinkcom\x64\debug\mavlinktcpserver.sbr
c:\work\octopus\mavlinkcom\temp\mavlinkcom\x64\debug\mavlinkvehicle.sbr
c:\work\octopus\mavlinkcom\temp\mavlinkcom\x64\debug\mavlinkvehicleimpl.sbr
c:\work\octopus\mavlinkcom\temp\mavlinkcom\x64\debug\mavlinkvehicleimpl.obj
c:\work\octopus\mavlinkcom\temp\mavlinkcom\x64\debug\mavlinkvehicle.obj
c:\work\octopus\mavlinkcom\temp\mavlinkcom\x64\debug\mavlinktcpserver.obj
c:\work\octopus\mavlinkcom\temp\mavlinkcom\x64\debug\semaphore.obj
c:\work\octopus\mavlinkcom\temp\mavlinkcom\x64\debug\mavlinknode.obj
c:\work\octopus\mavlinkcom\temp\mavlinkcom\x64\debug\mavlinkmessages.obj
c:\work\octopus\mavlinkcom\temp\mavlinkcom\x64\debug\mavlinkmessagebase.obj
c:\work\octopus\mavlinkcom\temp\mavlinkcom\x64\debug\mavlinklog.obj
c:\work\octopus\mavlinkcom\temp\mavlinkcom\x64\debug\mavlinkftpclient.obj
c:\work\octopus\mavlinkcom\temp\mavlinkcom\x64\debug\windowsfindserialports.obj
c:\work\octopus\mavlinkcom\temp\mavlinkcom\x64\debug\onecorefindserialports.obj
c:\work\octopus\mavlinkcom\temp\mavlinkcom\x64\debug\mavlinktcpserverimpl.obj
c:\work\octopus\mavlinkcom\temp\mavlinkcom\x64\debug\mavlinknodeimpl.obj
c:\work\octopus\mavlinkcom\temp\mavlinkcom\x64\debug\mavlinkftpclientimpl.obj
c:\work\octopus\mavlinkcom\temp\mavlinkcom\x64\debug\adhocconnectionimpl.obj
c:\work\octopus\mavlinkcom\temp\mavlinkcom\x64\debug\adhocconnection.obj
c:\work\octopus\mavlinkcom\temp\mavlinkcom\x64\debug\udpsocketimpl.obj
c:\work\octopus\mavlinkcom\temp\mavlinkcom\x64\debug\udpsocket.obj
c:\work\octopus\mavlinkcom\temp\mavlinkcom\x64\debug\threadutils.obj
c:\work\octopus\mavlinkcom\temp\mavlinkcom\x64\debug\filesystem.obj
c:\work\octopus\mavlinkcom\temp\mavlinkcom\x64\debug\mavlinkconnection.sbr
c:\work\octopus\mavlinkcom\temp\mavlinkcom\x64\debug\mavlinkconnectionimpl.sbr
c:\work\octopus\mavlinkcom\temp\mavlinkcom\x64\debug\mavlinkvideostream.sbr
c:\work\octopus\mavlinkcom\temp\mavlinkcom\x64\debug\mavlinkvideostreamimpl.sbr
c:\work\octopus\mavlinkcom\temp\mavlinkcom\x64\debug\serialport.sbr
c:\work\octopus\mavlinkcom\temp\mavlinkcom\x64\debug\socketinit.sbr
c:\work\octopus\mavlinkcom\temp\mavlinkcom\x64\debug\tcpclientport.sbr
c:\work\octopus\mavlinkcom\temp\mavlinkcom\x64\debug\udpclientport.sbr
c:\work\octopus\mavlinkcom\temp\mavlinkcom\x64\debug\wifi.sbr
c:\work\octopus\mavlinkcom\temp\mavlinkcom\x64\debug\wifi.obj
c:\work\octopus\mavlinkcom\temp\mavlinkcom\x64\debug\udpclientport.obj
c:\work\octopus\mavlinkcom\temp\mavlinkcom\x64\debug\tcpclientport.obj
c:\work\octopus\mavlinkcom\temp\mavlinkcom\x64\debug\socketinit.obj
c:\work\octopus\mavlinkcom\temp\mavlinkcom\x64\debug\serialport.obj
c:\work\octopus\mavlinkcom\temp\mavlinkcom\x64\debug\mavlinkvideostreamimpl.obj
c:\work\octopus\mavlinkcom\temp\mavlinkcom\x64\debug\mavlinkvideostream.obj
c:\work\octopus\mavlinkcom\temp\mavlinkcom\x64\debug\mavlinkconnectionimpl.obj
c:\work\octopus\mavlinkcom\temp\mavlinkcom\x64\debug\mavlinkconnection.obj
c:\work\octopus\mavlinkcom\lib\x64\debug\mavlinkcom.lib
c:\work\octopus\mavlinkcom\lib\x64\debug\mavlinkcom.bsc
c:\work\octopus\mavlinkcom\temp\mavlinkcom\x64\debug\mavlinkcom.tlog\bscmake.command.1.tlog
c:\work\octopus\mavlinkcom\temp\mavlinkcom\x64\debug\mavlinkcom.tlog\bscmake.read.1.tlog
c:\work\octopus\mavlinkcom\temp\mavlinkcom\x64\debug\mavlinkcom.tlog\cl.command.1.tlog
c:\work\octopus\mavlinkcom\temp\mavlinkcom\x64\debug\mavlinkcom.tlog\cl.read.1.tlog
c:\work\octopus\mavlinkcom\temp\mavlinkcom\x64\debug\mavlinkcom.tlog\cl.write.1.tlog
c:\work\octopus\mavlinkcom\temp\mavlinkcom\x64\debug\mavlinkcom.tlog\lib-link.read.1.tlog
c:\work\octopus\mavlinkcom\temp\mavlinkcom\x64\debug\mavlinkcom.tlog\lib-link.write.1.tlog
c:\work\octopus\mavlinkcom\temp\mavlinkcom\x64\debug\mavlinkcom.tlog\lib.command.1.tlog
