c:\work\octopus\mavlinkcom\lib\x64\release\mavlinkcom.pdb
c:\work\octopus\mavlinkcom\temp\mavlinkcom\x64\release\filesystem.sbr
c:\work\octopus\mavlinkcom\temp\mavlinkcom\x64\release\threadutils.sbr
c:\work\octopus\mavlinkcom\temp\mavlinkcom\x64\release\udpsocket.sbr
c:\work\octopus\mavlinkcom\temp\mavlinkcom\x64\release\udpsocketimpl.sbr
c:\work\octopus\mavlinkcom\temp\mavlinkcom\x64\release\adhocconnection.sbr
c:\work\octopus\mavlinkcom\temp\mavlinkcom\x64\release\adhocconnectionimpl.sbr
c:\work\octopus\mavlinkcom\temp\mavlinkcom\x64\release\mavlinkftpclientimpl.sbr
c:\work\octopus\mavlinkcom\temp\mavlinkcom\x64\release\mavlinknodeimpl.sbr
c:\work\octopus\mavlinkcom\temp\mavlinkcom\x64\release\mavlinktcpserverimpl.sbr
c:\work\octopus\mavlinkcom\temp\mavlinkcom\x64\release\onecorefindserialports.sbr
c:\work\octopus\mavlinkcom\temp\mavlinkcom\x64\release\windowsfindserialports.sbr
c:\work\octopus\mavlinkcom\temp\mavlinkcom\x64\release\mavlinkftpclient.sbr
c:\work\octopus\mavlinkcom\temp\mavlinkcom\x64\release\mavlinklog.sbr
c:\work\octopus\mavlinkcom\temp\mavlinkcom\x64\release\mavlinkmessagebase.sbr
c:\work\octopus\mavlinkcom\temp\mavlinkcom\x64\release\mavlinkmessages.sbr
c:\work\octopus\mavlinkcom\temp\mavlinkcom\x64\release\mavlinknode.sbr
c:\work\octopus\mavlinkcom\temp\mavlinkcom\x64\release\semaphore.sbr
c:\work\octopus\mavlinkcom\temp\mavlinkcom\x64\release\mavlinktcpserver.sbr
c:\work\octopus\mavlinkcom\temp\mavlinkcom\x64\release\mavlinkvehicle.sbr
c:\work\octopus\mavlinkcom\temp\mavlinkcom\x64\release\mavlinkvehicleimpl.sbr
c:\work\octopus\mavlinkcom\temp\mavlinkcom\x64\release\mavlinkvehicleimpl.obj
c:\work\octopus\mavlinkcom\temp\mavlinkcom\x64\release\mavlinkvehicle.obj
c:\work\octopus\mavlinkcom\temp\mavlinkcom\x64\release\mavlinktcpserver.obj
c:\work\octopus\mavlinkcom\temp\mavlinkcom\x64\release\semaphore.obj
c:\work\octopus\mavlinkcom\temp\mavlinkcom\x64\release\mavlinknode.obj
c:\work\octopus\mavlinkcom\temp\mavlinkcom\x64\release\mavlinkmessages.obj
c:\work\octopus\mavlinkcom\temp\mavlinkcom\x64\release\mavlinkmessagebase.obj
c:\work\octopus\mavlinkcom\temp\mavlinkcom\x64\release\mavlinklog.obj
c:\work\octopus\mavlinkcom\temp\mavlinkcom\x64\release\mavlinkftpclient.obj
c:\work\octopus\mavlinkcom\temp\mavlinkcom\x64\release\windowsfindserialports.obj
c:\work\octopus\mavlinkcom\temp\mavlinkcom\x64\release\onecorefindserialports.obj
c:\work\octopus\mavlinkcom\temp\mavlinkcom\x64\release\mavlinktcpserverimpl.obj
c:\work\octopus\mavlinkcom\temp\mavlinkcom\x64\release\mavlinknodeimpl.obj
c:\work\octopus\mavlinkcom\temp\mavlinkcom\x64\release\mavlinkftpclientimpl.obj
c:\work\octopus\mavlinkcom\temp\mavlinkcom\x64\release\adhocconnectionimpl.obj
c:\work\octopus\mavlinkcom\temp\mavlinkcom\x64\release\adhocconnection.obj
c:\work\octopus\mavlinkcom\temp\mavlinkcom\x64\release\udpsocketimpl.obj
c:\work\octopus\mavlinkcom\temp\mavlinkcom\x64\release\udpsocket.obj
c:\work\octopus\mavlinkcom\temp\mavlinkcom\x64\release\threadutils.obj
c:\work\octopus\mavlinkcom\temp\mavlinkcom\x64\release\filesystem.obj
c:\work\octopus\mavlinkcom\temp\mavlinkcom\x64\release\mavlinkconnection.sbr
c:\work\octopus\mavlinkcom\temp\mavlinkcom\x64\release\mavlinkconnectionimpl.sbr
c:\work\octopus\mavlinkcom\temp\mavlinkcom\x64\release\mavlinkvideostream.sbr
c:\work\octopus\mavlinkcom\temp\mavlinkcom\x64\release\mavlinkvideostreamimpl.sbr
c:\work\octopus\mavlinkcom\temp\mavlinkcom\x64\release\serialport.sbr
c:\work\octopus\mavlinkcom\temp\mavlinkcom\x64\release\socketinit.sbr
c:\work\octopus\mavlinkcom\temp\mavlinkcom\x64\release\tcpclientport.sbr
c:\work\octopus\mavlinkcom\temp\mavlinkcom\x64\release\udpclientport.sbr
c:\work\octopus\mavlinkcom\temp\mavlinkcom\x64\release\wifi.sbr
c:\work\octopus\mavlinkcom\temp\mavlinkcom\x64\release\wifi.obj
c:\work\octopus\mavlinkcom\temp\mavlinkcom\x64\release\udpclientport.obj
c:\work\octopus\mavlinkcom\temp\mavlinkcom\x64\release\tcpclientport.obj
c:\work\octopus\mavlinkcom\temp\mavlinkcom\x64\release\socketinit.obj
c:\work\octopus\mavlinkcom\temp\mavlinkcom\x64\release\serialport.obj
c:\work\octopus\mavlinkcom\temp\mavlinkcom\x64\release\mavlinkvideostreamimpl.obj
c:\work\octopus\mavlinkcom\temp\mavlinkcom\x64\release\mavlinkvideostream.obj
c:\work\octopus\mavlinkcom\temp\mavlinkcom\x64\release\mavlinkconnectionimpl.obj
c:\work\octopus\mavlinkcom\temp\mavlinkcom\x64\release\mavlinkconnection.obj
c:\work\octopus\mavlinkcom\lib\x64\release\mavlinkcom.lib
c:\work\octopus\mavlinkcom\lib\x64\release\mavlinkcom.bsc
c:\work\octopus\mavlinkcom\temp\mavlinkcom\x64\release\mavlinkcom.tlog\bscmake.command.1.tlog
c:\work\octopus\mavlinkcom\temp\mavlinkcom\x64\release\mavlinkcom.tlog\bscmake.read.1.tlog
c:\work\octopus\mavlinkcom\temp\mavlinkcom\x64\release\mavlinkcom.tlog\cl.command.1.tlog
c:\work\octopus\mavlinkcom\temp\mavlinkcom\x64\release\mavlinkcom.tlog\cl.read.1.tlog
c:\work\octopus\mavlinkcom\temp\mavlinkcom\x64\release\mavlinkcom.tlog\cl.write.1.tlog
c:\work\octopus\mavlinkcom\temp\mavlinkcom\x64\release\mavlinkcom.tlog\lib-link.read.1.tlog
c:\work\octopus\mavlinkcom\temp\mavlinkcom\x64\release\mavlinkcom.tlog\lib-link.write.1.tlog
c:\work\octopus\mavlinkcom\temp\mavlinkcom\x64\release\mavlinkcom.tlog\lib.command.1.tlog
