Using pre-set license
Built from '2020.3/release' branch; Version is '2020.3.15f2 (6cf78cb77498) revision 7141260'; Using compiler version '192528614'; Build Type 'Release'
OS: 'Windows 10 Pro; OS build 19045.3208; Version 2009; 64bit' Language: 'ko' Physical Memory: 32674 MB
BatchMode: 1, IsHumanControllingUs: 0, StartBugReporterOnCrash: 0, Is64bit: 1, IsPro: 0

 COMMAND LINE ARGUMENTS:
C:\Program Files\Unity\Hub\Editor\2020.3.15f2\Editor\Unity.exe
-adb2
-batchMode
-noUpm
-name
AssetImportWorker0
-projectPath
E:/ETRI/Oct/octopus_svn/Program/MultiDroneAdminTool
-logFile
Logs/AssetImportWorker0.log
-srvPort
9429
Successfully changed project path to: E:/ETRI/Oct/octopus_svn/Program/MultiDroneAdminTool
E:/ETRI/Oct/octopus_svn/Program/MultiDroneAdminTool
Using Asset Import Pipeline V2.
Refreshing native plugins compatible for Editor in 28.07 ms, found 0 plugins.
Preloading 0 native plugins for Editor in 0.00 ms.
Initialize engine version: 2020.3.15f2 (6cf78cb77498)
[Subsystems] Discovering subsystems at path C:/Program Files/Unity/Hub/Editor/2020.3.15f2/Editor/Data/Resources/UnitySubsystems
[Subsystems] Discovering subsystems at path E:/ETRI/Oct/octopus_svn/Program/MultiDroneAdminTool/Assets
GfxDevice: creating device client; threaded=0
Direct3D:
    Version:  Direct3D 11.0 [level 11.1]
    Renderer: NVIDIA GeForce GTX 1660 (ID=0x2184)
    Vendor:   
    VRAM:     5980 MB
    Driver:   31.0.15.3179
Initialize mono
Mono path[0] = 'C:/Program Files/Unity/Hub/Editor/2020.3.15f2/Editor/Data/Managed'
Mono path[1] = 'C:/Program Files/Unity/Hub/Editor/2020.3.15f2/Editor/Data/MonoBleedingEdge/lib/mono/unityjit'
Mono config path = 'C:/Program Files/Unity/Hub/Editor/2020.3.15f2/Editor/Data/MonoBleedingEdge/etc'
Using monoOptions --debugger-agent=transport=dt_socket,embedding=1,server=y,suspend=n,address=127.0.0.1:56232
Begin MonoManager ReloadAssembly
Registering precompiled unity dll's ...
Register platform support module: C:/Program Files/Unity/Hub/Editor/2020.3.15f2/Editor/Data/PlaybackEngines/WindowsStandaloneSupport/UnityEditor.WindowsStandalone.Extensions.dll
Registered in 0.002372 seconds.
Native extension for WindowsStandalone target not found
Refreshing native plugins compatible for Editor in 23.39 ms, found 0 plugins.
Preloading 0 native plugins for Editor in 0.00 ms.
Mono: successfully reloaded assembly
- Completed reload, in  0.817 seconds
Domain Reload Profiling:
	ReloadAssembly (817ms)
		BeginReloadAssembly (36ms)
			ExecutionOrderSort (0ms)
			DisableScriptedObjects (0ms)
			BackupInstance (0ms)
			ReleaseScriptingObjects (0ms)
			CreateAndSetChildDomain (1ms)
		EndReloadAssembly (272ms)
			LoadAssemblies (35ms)
			RebuildTransferFunctionScriptingTraits (0ms)
			SetupTypeCache (90ms)
			ReleaseScriptCaches (0ms)
			RebuildScriptCaches (23ms)
			SetupLoadedEditorAssemblies (105ms)
				LogAssemblyErrors (0ms)
				InitializePlatformSupportModulesInManaged (3ms)
				SetLoadedEditorAssemblies (0ms)
				RefreshPlugins (23ms)
				BeforeProcessingInitializeOnLoad (8ms)
				ProcessInitializeOnLoadAttributes (52ms)
				ProcessInitializeOnLoadMethodAttributes (17ms)
				AfterProcessingInitializeOnLoad (0ms)
				EditorAssembliesLoaded (0ms)
			ExecutionOrderSort2 (0ms)
			AwakeInstancesAfterBackupRestoration (0ms)
Platform modules already initialized, skipping
Registering precompiled user dll's ...
Registered in 0.001825 seconds.
Begin MonoManager ReloadAssembly
Native extension for WindowsStandalone target not found
Refreshing native plugins compatible for Editor in 0.54 ms, found 0 plugins.
Preloading 0 native plugins for Editor in 0.00 ms.
Mono: successfully reloaded assembly
- Completed reload, in  0.661 seconds
Domain Reload Profiling:
	ReloadAssembly (661ms)
		BeginReloadAssembly (95ms)
			ExecutionOrderSort (0ms)
			DisableScriptedObjects (3ms)
			BackupInstance (0ms)
			ReleaseScriptingObjects (0ms)
			CreateAndSetChildDomain (16ms)
		EndReloadAssembly (525ms)
			LoadAssemblies (58ms)
			RebuildTransferFunctionScriptingTraits (0ms)
			SetupTypeCache (169ms)
			ReleaseScriptCaches (0ms)
			RebuildScriptCaches (32ms)
			SetupLoadedEditorAssemblies (210ms)
				LogAssemblyErrors (0ms)
				InitializePlatformSupportModulesInManaged (4ms)
				SetLoadedEditorAssemblies (0ms)
				RefreshPlugins (1ms)
				BeforeProcessingInitializeOnLoad (72ms)
				ProcessInitializeOnLoadAttributes (102ms)
				ProcessInitializeOnLoadMethodAttributes (25ms)
				AfterProcessingInitializeOnLoad (5ms)
				EditorAssembliesLoaded (0ms)
			ExecutionOrderSort2 (0ms)
			AwakeInstancesAfterBackupRestoration (4ms)
Platform modules already initialized, skipping
========================================================================
Worker process is ready to serve import requests
Launched and connected shader compiler UnityShaderCompiler.exe after 0.04 seconds
Refreshing native plugins compatible for Editor in 0.54 ms, found 0 plugins.
Preloading 0 native plugins for Editor in 0.00 ms.
Unloading 1669 Unused Serialized files (Serialized files now loaded: 0)
System memory in use before: 73.7 MB.
System memory in use after: 73.8 MB.

Unloading 55 unused Assets to reduce memory usage. Loaded Objects now: 2075.
Total: 4.237500 ms (FindLiveObjects: 0.197800 ms CreateObjectMapping: 0.039000 ms MarkObjects: 3.909800 ms  DeleteObjects: 0.090000 ms)

AssetImportParameters requested are different than current active one (requested -> active):
  custom:framework-win-MediaFoundation: 216162199b28c13a410421893ffa2e32 -> 
  custom:video-decoder-ogg-theora: a1e56fd34408186e4bbccfd4996cb3dc -> 
  custom:container-muxer-webm: aa71ff27fc2769a1b78a27578f13a17b -> 
  custom:container-demuxer-webm: 4f35f7cbe854078d1ac9338744f61a02 -> 
  custom:container-demuxer-ogg: 62fdf1f143b41e24485cea50d1cbac27 -> 
  custom:video-encoder-webm-vp8: eb34c28f22e8b96e1ab97ce403110664 -> 
  custom:video-decoder-webm-vp8: 9c59270c3fd7afecdb556c50c9e8de78 -> 
  custom:audio-decoder-ogg-vorbis: bf7c407c2cedff20999df2af8eb42d56 -> 
  custom:audio-encoder-webm-vorbis: bf7c407c2cedff20999df2af8eb42d56 -> 
========================================================================
Received Import Request.
  path: Assets/Resources/KmlEditor.prefab
  artifactKey: Guid(13dece2e7be5efc4bb4722f58ce64a21) Importer(815301076,1909f56bfc062723c751e8b465ee728b)
Start importing Assets/Resources/KmlEditor.prefab using Guid(13dece2e7be5efc4bb4722f58ce64a21) Importer(815301076,1909f56bfc062723c751e8b465ee728b)  -> (artifact id: '097fc1d59b832faa136e6585de01eca9') in 0.057630 seconds 
  Import took 0.060038 seconds .

========================================================================
Received Import Request.
  Time since last request: 11.115996 seconds.
  path: Assets/Font/NotoSansKR-Black SDF.asset
  artifactKey: Guid(f397d821ef53f1c4b965b9293c1a77ae) Importer(815301076,1909f56bfc062723c751e8b465ee728b)
Start importing Assets/Font/NotoSansKR-Black SDF.asset using Guid(f397d821ef53f1c4b965b9293c1a77ae) Importer(815301076,1909f56bfc062723c751e8b465ee728b)  -> (artifact id: '9ddf227dd53d3acf03944a0b9ad84c80') in 0.435591 seconds 
  Import took 0.439355 seconds .

========================================================================
Received Import Request.
  Time since last request: 0.000229 seconds.
  path: Assets/Font/NotoSansKR-Medium SDF.asset
  artifactKey: Guid(9395cd550ac62134a8fe46bf20ff030a) Importer(815301076,1909f56bfc062723c751e8b465ee728b)
Start importing Assets/Font/NotoSansKR-Medium SDF.asset using Guid(9395cd550ac62134a8fe46bf20ff030a) Importer(815301076,1909f56bfc062723c751e8b465ee728b)  -> (artifact id: '64b11027e780dd56dff96f9085d6be94') in 0.125246 seconds 
  Import took 0.127904 seconds .

========================================================================
Received Import Request.
  Time since last request: 0.000201 seconds.
  path: Assets/Font/NotoSansKR-Light SDF.asset
  artifactKey: Guid(705c45d9299c7ee40b68aa99f6aba0cf) Importer(815301076,1909f56bfc062723c751e8b465ee728b)
Start importing Assets/Font/NotoSansKR-Light SDF.asset using Guid(705c45d9299c7ee40b68aa99f6aba0cf) Importer(815301076,1909f56bfc062723c751e8b465ee728b)  -> (artifact id: '0791547fefc940fbca2e16641b55effb') in 0.124607 seconds 
  Import took 0.127168 seconds .

========================================================================
Received Import Request.
  Time since last request: 0.000197 seconds.
  path: Assets/Font/NotoSansKR-Medium.otf
  artifactKey: Guid(9a5a8cb98959acd4d94546013b6d1b98) Importer(815301076,1909f56bfc062723c751e8b465ee728b)
Start importing Assets/Font/NotoSansKR-Medium.otf using Guid(9a5a8cb98959acd4d94546013b6d1b98) Importer(815301076,1909f56bfc062723c751e8b465ee728b)  -> (artifact id: '6afffd55cb653b83264c9db2ec31afe9') in 0.046945 seconds 
  Import took 0.049431 seconds .

========================================================================
Received Import Request.
  Time since last request: 0.000176 seconds.
  path: Assets/Font/NotoSansKR-Regular.otf
  artifactKey: Guid(300d5dd7dc77187449d762943bfd92cf) Importer(815301076,1909f56bfc062723c751e8b465ee728b)
Start importing Assets/Font/NotoSansKR-Regular.otf using Guid(300d5dd7dc77187449d762943bfd92cf) Importer(815301076,1909f56bfc062723c751e8b465ee728b)  -> (artifact id: '1443bc72b4c9b1595467bbebddf0f9af') in 0.021717 seconds 
  Import took 0.023906 seconds .

========================================================================
Received Import Request.
  Time since last request: 0.000204 seconds.
  path: Assets/Font/NotoSansKR-Black.otf
  artifactKey: Guid(efe41c119a086a84f91a5837f3d3c79a) Importer(815301076,1909f56bfc062723c751e8b465ee728b)
Start importing Assets/Font/NotoSansKR-Black.otf using Guid(efe41c119a086a84f91a5837f3d3c79a) Importer(815301076,1909f56bfc062723c751e8b465ee728b)  -> (artifact id: '9f7f78f81c29930dfe45b3ccdef01370') in 0.021677 seconds 
  Import took 0.024328 seconds .

========================================================================
Received Import Request.
  Time since last request: 0.000169 seconds.
  path: Assets/Font/NotoSansKR-Bold SDF.asset
  artifactKey: Guid(e507823a7711f8d4380cc61d7158279d) Importer(815301076,1909f56bfc062723c751e8b465ee728b)
Start importing Assets/Font/NotoSansKR-Bold SDF.asset using Guid(e507823a7711f8d4380cc61d7158279d) Importer(815301076,1909f56bfc062723c751e8b465ee728b)  -> (artifact id: '9d8ee491a9e7a59da3650bc025b21bb9') in 0.126131 seconds 
  Import took 0.128590 seconds .

========================================================================
Received Import Request.
  Time since last request: 0.000181 seconds.
  path: Assets/Font/NotoSansKR-Bold.otf
  artifactKey: Guid(ae5e9efc84d0c8249928d05f464c6b27) Importer(815301076,1909f56bfc062723c751e8b465ee728b)
Start importing Assets/Font/NotoSansKR-Bold.otf using Guid(ae5e9efc84d0c8249928d05f464c6b27) Importer(815301076,1909f56bfc062723c751e8b465ee728b)  -> (artifact id: 'e94a7a5241bdde1926b7b17c00a2e62a') in 0.022641 seconds 
  Import took 0.024704 seconds .

========================================================================
Received Import Request.
  Time since last request: 0.000184 seconds.
  path: Assets/Font/NotoSansKR-Light.otf
  artifactKey: Guid(598fea3a9b7075042b2ea1ff8c838669) Importer(815301076,1909f56bfc062723c751e8b465ee728b)
Start importing Assets/Font/NotoSansKR-Light.otf using Guid(598fea3a9b7075042b2ea1ff8c838669) Importer(815301076,1909f56bfc062723c751e8b465ee728b)  -> (artifact id: 'd148870f8b23d8c69b834cafcf56735c') in 0.017461 seconds 
  Import took 0.019842 seconds .

========================================================================
Received Import Request.
  Time since last request: 0.000220 seconds.
  path: Assets/Font/NotoSansKR-Regular SDF.asset
  artifactKey: Guid(145f2b902eb852a42881edf8a890d5b5) Importer(815301076,1909f56bfc062723c751e8b465ee728b)
Start importing Assets/Font/NotoSansKR-Regular SDF.asset using Guid(145f2b902eb852a42881edf8a890d5b5) Importer(815301076,1909f56bfc062723c751e8b465ee728b)  -> (artifact id: '7be901ed2a0659bd8a19c076405af634') in 0.125162 seconds 
  Import took 0.127816 seconds .

========================================================================
Received Import Request.
  Time since last request: 0.000172 seconds.
  path: Assets/Font/NotoSansKR-Thin SDF.asset
  artifactKey: Guid(2862bea59d5d3cf44a4ed36ea04f0367) Importer(815301076,1909f56bfc062723c751e8b465ee728b)
Start importing Assets/Font/NotoSansKR-Thin SDF.asset using Guid(2862bea59d5d3cf44a4ed36ea04f0367) Importer(815301076,1909f56bfc062723c751e8b465ee728b)  -> (artifact id: 'b409f4e66c4bb3ac821d066cedef66dd') in 0.127455 seconds 
  Import took 0.129974 seconds .

========================================================================
Received Import Request.
  Time since last request: 0.000194 seconds.
  path: Assets/Font/NotoSansKR-Thin.otf
  artifactKey: Guid(00caab0b608be3440a9aa808e28f4645) Importer(815301076,1909f56bfc062723c751e8b465ee728b)
Start importing Assets/Font/NotoSansKR-Thin.otf using Guid(00caab0b608be3440a9aa808e28f4645) Importer(815301076,1909f56bfc062723c751e8b465ee728b)  -> (artifact id: 'e29cb9d90167b8927c7bda370cbd318d') in 0.019116 seconds 
  Import took 0.021574 seconds .

========================================================================
Received Import Request.
  Time since last request: 7.789792 seconds.
  path: Assets/Scripts/0. JEngine/Scenes/MultiDroneAdminTool.unity
  artifactKey: Guid(2cda990e2423bbf4892e6590ba056729) Importer(815301076,1909f56bfc062723c751e8b465ee728b)
Start importing Assets/Scripts/0. JEngine/Scenes/MultiDroneAdminTool.unity using Guid(2cda990e2423bbf4892e6590ba056729) Importer(815301076,1909f56bfc062723c751e8b465ee728b)  -> (artifact id: 'ea21636e3551ce73c4587a1cb36fa3f3') in 0.009262 seconds 
  Import took 0.011739 seconds .

========================================================================
Received Import Request.
  Time since last request: 0.000324 seconds.
  path: Assets/Scripts/0. JEngine/Scenes/MultiDroneAdminTool.unity
  artifactKey: Guid(2cda990e2423bbf4892e6590ba056729) Importer(815301076,1909f56bfc062723c751e8b465ee728b)
Start importing Assets/Scripts/0. JEngine/Scenes/MultiDroneAdminTool.unity using Guid(2cda990e2423bbf4892e6590ba056729) Importer(815301076,1909f56bfc062723c751e8b465ee728b)  -> (artifact id: 'ea21636e3551ce73c4587a1cb36fa3f3') in 0.001448 seconds 
  Import took 0.002873 seconds .

========================================================================
Received Prepare
Refreshing native plugins compatible for Editor in 5.61 ms, found 0 plugins.
Preloading 0 native plugins for Editor in 0.00 ms.
Unloading 44 Unused Serialized files (Serialized files now loaded: 0)
System memory in use before: 45.5 MB.
System memory in use after: 45.6 MB.

Unloading 47 unused Assets to reduce memory usage. Loaded Objects now: 2121.
Total: 4.392800 ms (FindLiveObjects: 0.151500 ms CreateObjectMapping: 0.031800 ms MarkObjects: 4.167300 ms  DeleteObjects: 0.041500 ms)

AssetImportParameters requested are different than current active one (requested -> active):
  custom:framework-win-MediaFoundation: 216162199b28c13a410421893ffa2e32 -> 
  custom:video-decoder-ogg-theora: a1e56fd34408186e4bbccfd4996cb3dc -> 
  custom:container-muxer-webm: aa71ff27fc2769a1b78a27578f13a17b -> 
  custom:container-demuxer-webm: 4f35f7cbe854078d1ac9338744f61a02 -> 
  custom:container-demuxer-ogg: 62fdf1f143b41e24485cea50d1cbac27 -> 
  custom:video-encoder-webm-vp8: eb34c28f22e8b96e1ab97ce403110664 -> 
  custom:video-decoder-webm-vp8: 9c59270c3fd7afecdb556c50c9e8de78 -> 
  custom:audio-decoder-ogg-vorbis: bf7c407c2cedff20999df2af8eb42d56 -> 
  custom:audio-encoder-webm-vorbis: bf7c407c2cedff20999df2af8eb42d56 -> 
========================================================================
Received Prepare
Registering precompiled user dll's ...
Registered in 0.001883 seconds.
Begin MonoManager ReloadAssembly
Native extension for WindowsStandalone target not found
Refreshing native plugins compatible for Editor in 0.57 ms, found 0 plugins.
Preloading 0 native plugins for Editor in 0.00 ms.
Mono: successfully reloaded assembly
- Completed reload, in  0.662 seconds
Domain Reload Profiling:
	ReloadAssembly (662ms)
		BeginReloadAssembly (96ms)
			ExecutionOrderSort (0ms)
			DisableScriptedObjects (4ms)
			BackupInstance (0ms)
			ReleaseScriptingObjects (0ms)
			CreateAndSetChildDomain (31ms)
		EndReloadAssembly (523ms)
			LoadAssemblies (59ms)
			RebuildTransferFunctionScriptingTraits (0ms)
			SetupTypeCache (178ms)
			ReleaseScriptCaches (1ms)
			RebuildScriptCaches (29ms)
			SetupLoadedEditorAssemblies (192ms)
				LogAssemblyErrors (0ms)
				InitializePlatformSupportModulesInManaged (4ms)
				SetLoadedEditorAssemblies (0ms)
				RefreshPlugins (1ms)
				BeforeProcessingInitializeOnLoad (65ms)
				ProcessInitializeOnLoadAttributes (96ms)
				ProcessInitializeOnLoadMethodAttributes (21ms)
				AfterProcessingInitializeOnLoad (5ms)
				EditorAssembliesLoaded (0ms)
			ExecutionOrderSort2 (0ms)
			AwakeInstancesAfterBackupRestoration (5ms)
Platform modules already initialized, skipping
Refreshing native plugins compatible for Editor in 0.48 ms, found 0 plugins.
Preloading 0 native plugins for Editor in 0.00 ms.
Unloading 1652 Unused Serialized files (Serialized files now loaded: 0)
System memory in use before: 76.1 MB.
System memory in use after: 76.2 MB.

Unloading 46 unused Assets to reduce memory usage. Loaded Objects now: 2124.
Total: 4.267600 ms (FindLiveObjects: 0.160800 ms CreateObjectMapping: 0.042200 ms MarkObjects: 4.033400 ms  DeleteObjects: 0.029900 ms)

AssetImportParameters requested are different than current active one (requested -> active):
  custom:framework-win-MediaFoundation: 216162199b28c13a410421893ffa2e32 -> 
  custom:video-decoder-ogg-theora: a1e56fd34408186e4bbccfd4996cb3dc -> 
  custom:container-muxer-webm: aa71ff27fc2769a1b78a27578f13a17b -> 
  custom:container-demuxer-webm: 4f35f7cbe854078d1ac9338744f61a02 -> 
  custom:container-demuxer-ogg: 62fdf1f143b41e24485cea50d1cbac27 -> 
  custom:video-encoder-webm-vp8: eb34c28f22e8b96e1ab97ce403110664 -> 
  custom:video-decoder-webm-vp8: 9c59270c3fd7afecdb556c50c9e8de78 -> 
  custom:audio-decoder-ogg-vorbis: bf7c407c2cedff20999df2af8eb42d56 -> 
  custom:audio-encoder-webm-vorbis: bf7c407c2cedff20999df2af8eb42d56 -> 
